<?xml version="1.0" encoding="UTF-8"?>
<!-- Generated by org.testng.reporters.JUnitReportReporter -->
<testsuite skipped="0" hostname="LAPTOP-AQ01NJB9" name="com.obsqura.TestNGAssignments.AnnotationSample" tests="2" failures="0" timestamp="20 Nov 2022 13:48:01 GMT" time="0.000" errors="0">
  <testcase name="testCase2" time="0.000" classname="com.obsqura.TestNGAssignments.AnnotationSample"/>
  <testcase name="testCase1" time="0.000" classname="com.obsqura.TestNGAssignments.AnnotationSample"/>
</testsuite> <!-- com.obsqura.TestNGAssignments.AnnotationSample -->
