<?xml version="1.0" encoding="UTF-8"?>
<!-- Generated by org.testng.reporters.JUnitReportReporter -->
<testsuite skipped="0" hostname="LAPTOP-AQ01NJB9" name="com.obsqura.TestNGAssignments.WebElementsCSSSample" tests="3" failures="0" timestamp="10 Nov 2022 20:05:40 GMT" time="61.146" errors="0">
  <testcase name="getCSSFontColorValue" time="20.078" classname="com.obsqura.TestNGAssignments.WebElementsCSSSample"/>
  <testcase name="getBtnPositions" time="20.056" classname="com.obsqura.TestNGAssignments.WebElementsCSSSample"/>
  <testcase name="getCSSBgColorValue" time="21.012" classname="com.obsqura.TestNGAssignments.WebElementsCSSSample"/>
</testsuite> <!-- com.obsqura.TestNGAssignments.WebElementsCSSSample -->
