<?xml version="1.0" encoding="UTF-8"?>
<!-- Generated by org.testng.reporters.JUnitReportReporter -->
<testsuite skipped="0" hostname="LAPTOP-AQ01NJB9" name="com.obsqura.TestNGAssignments.IsSelectedExample" tests="3" failures="0" timestamp="25 Nov 2022 03:28:59 GMT" time="57.079" errors="0">
  <testcase name="verifyOperaRadioButtonIsSelected" time="23.949" classname="com.obsqura.TestNGAssignments.IsSelectedExample"/>
  <testcase name="verifyCheckBoxIsSelected" time="7.977" classname="com.obsqura.TestNGAssignments.IsSelectedExample"/>
  <testcase name="verifyCheckBoxIsEnabled" time="25.153" classname="com.obsqura.TestNGAssignments.IsSelectedExample"/>
</testsuite> <!-- com.obsqura.TestNGAssignments.IsSelectedExample -->
