<?xml version="1.0" encoding="UTF-8"?>
<!-- Generated by org.testng.reporters.JUnitReportReporter -->
<testsuite skipped="0" hostname="LAPTOP-AQ01NJB9" name="com.obsqura.TestNGAssignments.LocatorsExample" tests="4" failures="0" timestamp="08 Nov 2022 14:46:37 GMT" time="19.992" errors="0">
  <testcase name="locateUsingXPathID" time="5.346" classname="com.obsqura.TestNGAssignments.LocatorsExample"/>
  <testcase name="locateXPathName" time="3.823" classname="com.obsqura.TestNGAssignments.LocatorsExample"/>
  <testcase name="locateXPathClassName" time="3.834" classname="com.obsqura.TestNGAssignments.LocatorsExample"/>
  <testcase name="locateCSSSelectorClass" time="6.989" classname="com.obsqura.TestNGAssignments.LocatorsExample"/>
</testsuite> <!-- com.obsqura.TestNGAssignments.LocatorsExample -->
