<?xml version="1.0" encoding="UTF-8"?>
<!-- Generated by org.testng.reporters.JUnitReportReporter -->
<testsuite skipped="0" hostname="LAPTOP-AQ01NJB9" name="com.obsqura.TestNGAssignments.ExecutionSpeed" tests="5" failures="0" timestamp="08 Nov 2022 17:47:06 GMT" time="85.439" errors="0">
  <testcase name="locatingByName" time="32.080" classname="com.obsqura.TestNGAssignments.ExecutionSpeed"/>
  <testcase name="locatingByCSSSelectorID" time="5.109" classname="com.obsqura.TestNGAssignments.ExecutionSpeed"/>
  <testcase name="locatingByID" time="21.778" classname="com.obsqura.TestNGAssignments.ExecutionSpeed"/>
  <testcase name="locatingByClassName" time="5.756" classname="com.obsqura.TestNGAssignments.ExecutionSpeed"/>
  <testcase name="locatingByXPathID" time="20.716" classname="com.obsqura.TestNGAssignments.ExecutionSpeed"/>
</testsuite> <!-- com.obsqura.TestNGAssignments.ExecutionSpeed -->
