<?xml version="1.0" encoding="UTF-8"?>
<!-- Generated by org.testng.reporters.JUnitReportReporter -->
<testsuite skipped="0" hostname="LAPTOP-AQ01NJB9" name="com.obsqura.TestNGAssignments.CheckBoxTutorialSite" tests="2" failures="0" timestamp="22 Nov 2022 20:54:39 GMT" time="66.303" errors="0">
  <testcase name="checkBoxesSelectedOrNot" time="34.639" classname="com.obsqura.TestNGAssignments.CheckBoxTutorialSite"/>
  <testcase name="selectWebdriverCheckbox" time="31.664" classname="com.obsqura.TestNGAssignments.CheckBoxTutorialSite"/>
</testsuite> <!-- com.obsqura.TestNGAssignments.CheckBoxTutorialSite -->
