<?xml version="1.0" encoding="UTF-8"?>
<!-- Generated by org.testng.reporters.JUnitReportReporter -->
<testsuite skipped="0" hostname="LAPTOP-AQ01NJB9" name="com.obsqura.TestNGAssignments.MultiSelectDeselectDropDown" tests="1" failures="0" timestamp="23 Nov 2022 20:22:01 GMT" time="24.796" errors="0">
  <testcase name="multiSelectDropDown" time="24.796" classname="com.obsqura.TestNGAssignments.MultiSelectDeselectDropDown"/>
</testsuite> <!-- com.obsqura.TestNGAssignments.MultiSelectDeselectDropDown -->
