<?xml version="1.0" encoding="UTF-8"?>
<!-- Generated by org.testng.reporters.JUnitReportReporter -->
<testsuite skipped="0" hostname="LAPTOP-AQ01NJB9" name="com.obsqura.TestNGAssignments.RadioButtonSample" tests="2" failures="0" timestamp="21 Nov 2022 17:59:23 GMT" time="32.378" errors="0">
  <testcase name="noRadioButtonChecked" time="7.033" classname="com.obsqura.TestNGAssignments.RadioButtonSample"/>
  <testcase name="noSelectionRadioButton" time="25.345" classname="com.obsqura.TestNGAssignments.RadioButtonSample"/>
</testsuite> <!-- com.obsqura.TestNGAssignments.RadioButtonSample -->
