<?xml version="1.0" encoding="UTF-8"?>
<!-- Generated by org.testng.reporters.JUnitReportReporter -->
<testsuite skipped="0" hostname="LAPTOP-AQ01NJB9" name="com.obsqura.TestNGAssignments.HardAssertionSample" tests="2" failures="0" timestamp="01 Nov 2022 18:23:55 GMT" time="60.985" errors="0">
  <testcase name="verifyTitle" time="30.424" classname="com.obsqura.TestNGAssignments.HardAssertionSample"/>
  <testcase name="notNullCheck" time="30.561" classname="com.obsqura.TestNGAssignments.HardAssertionSample"/>
</testsuite> <!-- com.obsqura.TestNGAssignments.HardAssertionSample -->
