<?xml version="1.0" encoding="UTF-8"?>
<!-- Generated by org.testng.reporters.JUnitReportReporter -->
<testsuite skipped="0" hostname="LAPTOP-AQ01NJB9" name="com.obsqura.TestNGAssignments.WebElementCommands" tests="2" failures="0" timestamp="09 Nov 2022 17:35:20 GMT" time="45.198" errors="0">
  <testcase name="sendKeyInputFieldsSum" time="22.440" classname="com.obsqura.TestNGAssignments.WebElementCommands"/>
  <testcase name="sendKeyInputFieldsStringSum" time="22.758" classname="com.obsqura.TestNGAssignments.WebElementCommands"/>
</testsuite> <!-- com.obsqura.TestNGAssignments.WebElementCommands -->
