<?xml version="1.0" encoding="UTF-8"?>
<!-- Generated by org.testng.reporters.JUnitReportReporter -->
<testsuite skipped="0" hostname="LAPTOP-AQ01NJB9" name="com.obsqura.TestNGAssignments.BrowserCommands" tests="4" failures="0" timestamp="01 Nov 2022 15:08:09 GMT" time="38.033" errors="0">
  <testcase name="navigateAndCheck" time="11.850" classname="com.obsqura.TestNGAssignments.BrowserCommands"/>
  <testcase name="verifyTitle" time="11.500" classname="com.obsqura.TestNGAssignments.BrowserCommands"/>
  <testcase name="verifyURL" time="7.036" classname="com.obsqura.TestNGAssignments.BrowserCommands"/>
  <testcase name="verifyPageSource" time="7.647" classname="com.obsqura.TestNGAssignments.BrowserCommands"/>
</testsuite> <!-- com.obsqura.TestNGAssignments.BrowserCommands -->
