<?xml version="1.0" encoding="UTF-8"?>
<!-- Generated by org.testng.reporters.JUnitReportReporter -->
<testsuite skipped="0" hostname="LAPTOP-AQ01NJB9" name="com.obsqura.TestNGAssignments.FormSubmit" tests="1" failures="0" timestamp="13 Nov 2022 20:51:14 GMT" time="30.206" errors="0">
  <testcase name="formSubmit" time="30.206" classname="com.obsqura.TestNGAssignments.FormSubmit"/>
</testsuite> <!-- com.obsqura.TestNGAssignments.FormSubmit -->
