<?xml version="1.0" encoding="UTF-8"?>
<!-- Generated by org.testng.reporters.JUnitReportReporter -->
<testsuite skipped="0" hostname="LAPTOP-AQ01NJB9" name="com.obsqura.TestNGAssignments.LocatorsAxesMethodsSample" tests="1" failures="0" timestamp="04 Dec 2022 08:18:23 GMT" time="22.401" errors="0">
  <testcase name="locateAxesText" time="22.401" classname="com.obsqura.TestNGAssignments.LocatorsAxesMethodsSample"/>
</testsuite> <!-- com.obsqura.TestNGAssignments.LocatorsAxesMethodsSample -->
