<?xml version="1.0" encoding="UTF-8"?>
<!-- Generated by org.testng.reporters.JUnitReportReporter -->
<testsuite skipped="0" hostname="LAPTOP-AQ01NJB9" name="com.obsqura.ProjectWithPOM.OthersDemoTest" tests="1" failures="0" timestamp="08 Dec 2022 19:50:41 GMT" time="10.937" errors="0">
  <testcase name="checkAndverifyDragAndDrop" time="10.937" classname="com.obsqura.ProjectWithPOM.OthersDemoTest"/>
</testsuite> <!-- com.obsqura.ProjectWithPOM.OthersDemoTest -->
