<?xml version="1.0" encoding="UTF-8"?>
<!-- Generated by org.testng.reporters.JUnitReportReporter -->
<testsuite skipped="0" hostname="LAPTOP-AQ01NJB9" name="com.obsqura.ProjectWithPOM.FormSubmitParameterTest" tests="1" failures="0" timestamp="19 Dec 2022 19:01:41 GMT" time="8.172" errors="0">
  <testcase name="checkAndVerifyTheFormSubmit" time="8.172" classname="com.obsqura.ProjectWithPOM.FormSubmitParameterTest"/>
</testsuite> <!-- com.obsqura.ProjectWithPOM.FormSubmitParameterTest -->
