<?xml version="1.0" encoding="UTF-8"?>
<!-- Generated by org.testng.reporters.JUnitReportReporter -->
<testsuite skipped="0" hostname="LAPTOP-AQ01NJB9" name="com.obsqura.ProjectWithPOM.SimpleFormDemoPageFactoryTest" tests="1" failures="0" timestamp="07 Jan 2023 18:43:02 GMT" time="7.426" errors="0">
  <testcase name="enterMessageAndVerifySingleInputField" time="7.426" classname="com.obsqura.ProjectWithPOM.SimpleFormDemoPageFactoryTest"/>
</testsuite> <!-- com.obsqura.ProjectWithPOM.SimpleFormDemoPageFactoryTest -->
