<?xml version="1.0" encoding="UTF-8"?>
<!-- Generated by org.testng.reporters.JUnitReportReporter -->
<testsuite skipped="0" hostname="LAPTOP-AQ01NJB9" name="com.obsqura.ProjectWithPOM.SelectInputPageTest" tests="2" failures="0" timestamp="29 Nov 2022 19:10:02 GMT" time="17.497" errors="0">
  <testcase name="selectColorAndVerifySelectSingleInputColor" time="9.449" classname="com.obsqura.ProjectWithPOM.SelectInputPageTest"/>
  <testcase name="selectColorAndVerifySelectMultipleInputColor" time="8.048" classname="com.obsqura.ProjectWithPOM.SelectInputPageTest"/>
</testsuite> <!-- com.obsqura.ProjectWithPOM.SelectInputPageTest -->
