<?xml version="1.0" encoding="UTF-8"?>
<!-- Generated by org.testng.reporters.JUnitReportReporter -->
<testsuite skipped="1" hostname="LAPTOP-AQ01NJB9" name="com.obsqura.ProjectWithPOM.SelectInputPageTest1" tests="2" failures="0" timestamp="16 Dec 2022 18:43:38 GMT" time="12.453" errors="0">
  <testcase name="selectColorAndVerifySelectSingleInputColor" time="12.453" classname="com.obsqura.ProjectWithPOM.SelectInputPageTest1"/>
  <testcase name="selectColorAndVerifySelectMultipleInputColor" classname="com.obsqura.ProjectWithPOM.SelectInputPageTest1">
    <skipped/>
  </testcase> <!-- selectColorAndVerifySelectMultipleInputColor -->
</testsuite> <!-- com.obsqura.ProjectWithPOM.SelectInputPageTest1 -->
