<?xml version="1.0" encoding="UTF-8"?>
<!-- Generated by org.testng.reporters.JUnitReportReporter -->
<testsuite skipped="1" hostname="LAPTOP-AQ01NJB9" name="com.obsqura.ProjectWithPOM.SelectInputPageTest1" tests="2" failures="0" timestamp="06 Dec 2022 21:04:53 GMT" time="5.375" errors="0">
  <testcase name="selectColorAndVerifySelectSingleInputColor" time="5.375" classname="com.obsqura.ProjectWithPOM.SelectInputPageTest1"/>
  <testcase name="selectColorAndVerifySelectMultipleInputColor" classname="com.obsqura.ProjectWithPOM.SelectInputPageTest1">
    <skipped/>
  </testcase> <!-- selectColorAndVerifySelectMultipleInputColor -->
</testsuite> <!-- com.obsqura.ProjectWithPOM.SelectInputPageTest1 -->
