<?xml version="1.0" encoding="UTF-8"?>
<!-- Generated by org.testng.reporters.JUnitReportReporter -->
<testsuite skipped="0" hostname="LAPTOP-AQ01NJB9" name="com.obsqura.ProjectWithPOM.RadioButtonDemoTest" tests="3" failures="0" timestamp="16 Dec 2022 18:43:38 GMT" time="17.091" errors="0">
  <testcase name="verifyRadioButtonFemaleClickedAndMessageCheck" time="5.707" classname="com.obsqura.ProjectWithPOM.RadioButtonDemoTest"/>
  <testcase name="verifyRadioButtonMaleClickedAndMessageCheck" time="6.334" classname="com.obsqura.ProjectWithPOM.RadioButtonDemoTest"/>
  <testcase name="verifyRadioButtonsEnabledOrNot" time="5.050" classname="com.obsqura.ProjectWithPOM.RadioButtonDemoTest"/>
</testsuite> <!-- com.obsqura.ProjectWithPOM.RadioButtonDemoTest -->
