<?xml version="1.0" encoding="UTF-8"?>
<!-- Generated by org.testng.reporters.JUnitReportReporter -->
<testsuite skipped="0" hostname="LAPTOP-AQ01NJB9" name="com.obsqura.ProjectWithPOM.BrowserCommands" tests="1" failures="0" timestamp="16 Dec 2022 18:43:38 GMT" time="6.182" errors="0">
  <testcase name="browserCommands" time="6.182" classname="com.obsqura.ProjectWithPOM.BrowserCommands"/>
</testsuite> <!-- com.obsqura.ProjectWithPOM.BrowserCommands -->
