<?xml version="1.0" encoding="UTF-8"?>
<!-- Generated by org.testng.reporters.JUnitReportReporter -->
<testsuite skipped="0" hostname="LAPTOP-AQ01NJB9" name="com.obsqura.ProjectWithPOM.BrowserCommands" tests="1" failures="0" timestamp="06 Dec 2022 21:04:53 GMT" time="3.484" errors="0">
  <testcase name="browserCommands" time="3.484" classname="com.obsqura.ProjectWithPOM.BrowserCommands"/>
</testsuite> <!-- com.obsqura.ProjectWithPOM.BrowserCommands -->
