<?xml version="1.0" encoding="UTF-8"?>
<!-- Generated by org.testng.reporters.JUnitReportReporter -->
<testsuite skipped="0" hostname="LAPTOP-AQ01NJB9" name="com.obsqura.ProjectWithPOM.SelectInputPageTest" tests="1" failures="0" timestamp="07 Dec 2022 03:22:07 GMT" time="10.101" errors="0">
  <testcase name="selectColorAndVerifySelectSingleInputColor" time="10.101" classname="com.obsqura.ProjectWithPOM.SelectInputPageTest"/>
</testsuite> <!-- com.obsqura.ProjectWithPOM.SelectInputPageTest -->
