<?xml version="1.0" encoding="UTF-8"?>
<!-- Generated by org.testng.reporters.JUnitReportReporter -->
<testsuite skipped="0" hostname="LAPTOP-AQ01NJB9" name="com.obsqura.ProjectWithPOM.AlertBoxSampleTest" tests="1" failures="0" timestamp="20 Dec 2022 15:06:16 GMT" time="7.751" errors="0">
  <testcase name="verifyAlertBoxClickPrompt" time="7.751" classname="com.obsqura.ProjectWithPOM.AlertBoxSampleTest"/>
</testsuite> <!-- com.obsqura.ProjectWithPOM.AlertBoxSampleTest -->
