<?xml version="1.0" encoding="UTF-8"?>
<!-- Generated by org.testng.reporters.JUnitReportReporter -->
<testsuite skipped="0" hostname="LAPTOP-AQ01NJB9" name="com.obsqura.ProjectWithPOM.RadioButtonDemoTest" tests="1" failures="0" timestamp="08 Dec 2022 18:36:45 GMT" time="6.937" errors="0">
  <testcase name="verifyRadioButtonsEnabledOrNot" time="6.937" classname="com.obsqura.ProjectWithPOM.RadioButtonDemoTest"/>
</testsuite> <!-- com.obsqura.ProjectWithPOM.RadioButtonDemoTest -->
