<?xml version="1.0" encoding="UTF-8"?>
<!-- Generated by org.testng.reporters.JUnitReportReporter -->
<testsuite skipped="0" hostname="LAPTOP-AQ01NJB9" name="com.obsqura.ProjectWithPOM.SelectInputPageTest" tests="2" failures="0" timestamp="16 Dec 2022 18:43:38 GMT" time="13.501" errors="0">
  <testcase name="selectColorAndVerifySelectSingleInputColor" time="6.120" classname="com.obsqura.ProjectWithPOM.SelectInputPageTest"/>
  <testcase name="selectColorAndVerifySelectMultipleInputColor" time="7.381" classname="com.obsqura.ProjectWithPOM.SelectInputPageTest"/>
</testsuite> <!-- com.obsqura.ProjectWithPOM.SelectInputPageTest -->
