<?xml version="1.0" encoding="UTF-8"?>
<!-- Generated by org.testng.reporters.JUnitReportReporter -->
<testsuite skipped="0" hostname="LAPTOP-AQ01NJB9" name="com.obsqura.ProjectWithPOM.CommonHeaderMenusTest" tests="1" failures="0" timestamp="16 Dec 2022 18:43:38 GMT" time="8.965" errors="0">
  <testcase name="checkAndVerifyCommonHeaderMenus" time="8.965" classname="com.obsqura.ProjectWithPOM.CommonHeaderMenusTest"/>
</testsuite> <!-- com.obsqura.ProjectWithPOM.CommonHeaderMenusTest -->
