<?xml version="1.0" encoding="UTF-8"?>
<!-- Generated by org.testng.reporters.JUnitReportReporter -->
<testsuite skipped="0" hostname="LAPTOP-AQ01NJB9" name="com.obsqura.ProjectWithPOM.TableTest" tests="1" failures="0" timestamp="18 Dec 2022 14:10:14 GMT" time="9.488" errors="0">
  <testcase name="verifyTheTableRowCount" time="9.488" classname="com.obsqura.ProjectWithPOM.TableTest"/>
</testsuite> <!-- com.obsqura.ProjectWithPOM.TableTest -->
