<?xml version="1.0" encoding="UTF-8"?>
<!-- Generated by org.testng.reporters.JUnitReportReporter -->
<testsuite skipped="0" hostname="LAPTOP-AQ01NJB9" name="com.obsqura.ProjectWithPOM.RadioButtonDemoTest" tests="3" failures="0" timestamp="29 Nov 2022 19:11:26 GMT" time="27.890" errors="0">
  <testcase name="verifyRadioButtonMaleClickedAndMessageCheck" time="8.734" classname="com.obsqura.ProjectWithPOM.RadioButtonDemoTest"/>
  <testcase name="verifyRadioButtonsEnabledOrNot" time="7.852" classname="com.obsqura.ProjectWithPOM.RadioButtonDemoTest"/>
  <testcase name="verifyRadioButtonFemaleClickedAndMessageCheck" time="11.304" classname="com.obsqura.ProjectWithPOM.RadioButtonDemoTest"/>
</testsuite> <!-- com.obsqura.ProjectWithPOM.RadioButtonDemoTest -->
