<?xml version="1.0" encoding="UTF-8"?>
<!-- Generated by org.testng.reporters.JUnitReportReporter -->
<testsuite skipped="0" hostname="LAPTOP-AQ01NJB9" name="com.obsqura.ProjectWithPOM.BrowserCommands" tests="1" failures="0" timestamp="24 Nov 2022 19:27:27 GMT" time="5.642" errors="0">
  <testcase name="browserCommands" time="5.642" classname="com.obsqura.ProjectWithPOM.BrowserCommands"/>
</testsuite> <!-- com.obsqura.ProjectWithPOM.BrowserCommands -->
