<?xml version="1.0" encoding="UTF-8"?>
<!-- Generated by org.testng.reporters.JUnitReportReporter -->
<testsuite skipped="0" hostname="LAPTOP-AQ01NJB9" name="com.obsqura.ProjectWithPOM.BrowserCommands" tests="1" failures="0" timestamp="29 Nov 2022 02:39:10 GMT" time="5.935" errors="0">
  <testcase name="browserCommands" time="5.935" classname="com.obsqura.ProjectWithPOM.BrowserCommands"/>
</testsuite> <!-- com.obsqura.ProjectWithPOM.BrowserCommands -->
