<?xml version="1.0" encoding="UTF-8"?>
<!-- Generated by org.testng.reporters.JUnitReportReporter -->
<testsuite skipped="0" hostname="LAPTOP-AQ01NJB9" name="com.obsqura.ProjectWithPOM.FormSubmitDataProviderTest" tests="2" failures="0" timestamp="19 Dec 2022 19:07:15 GMT" time="13.829" errors="0">
  <testcase name="checkAndVerifyTheFormSubmitWithDataProvider" time="8.039" classname="com.obsqura.ProjectWithPOM.FormSubmitDataProviderTest"/>
  <testcase name="checkAndVerifyTheFormSubmitWithDataProvider" time="5.790" classname="com.obsqura.ProjectWithPOM.FormSubmitDataProviderTest"/>
</testsuite> <!-- com.obsqura.ProjectWithPOM.FormSubmitDataProviderTest -->
