<?xml version="1.0" encoding="UTF-8"?>
<!-- Generated by org.testng.reporters.JUnitReportReporter -->
<testsuite skipped="0" hostname="LAPTOP-AQ01NJB9" name="com.obsqura.ProjectWithPOM.BootStrapAlertBoxTest" tests="1" failures="0" timestamp="04 Jan 2023 13:45:46 GMT" time="9.048" errors="0">
  <testcase name="checktheNormalSuccessAlertBox" time="9.048" classname="com.obsqura.ProjectWithPOM.BootStrapAlertBoxTest"/>
</testsuite> <!-- com.obsqura.ProjectWithPOM.BootStrapAlertBoxTest -->
