<?xml version="1.0" encoding="UTF-8"?>
<!-- Generated by org.testng.reporters.JUnitReportReporter -->
<testsuite skipped="0" hostname="LAPTOP-AQ01NJB9" name="com.obsqura.ProjectWithPOM.SelectInputPageTest1" tests="1" failures="0" timestamp="28 Nov 2022 18:39:18 GMT" time="12.045" errors="0">
  <testcase name="selectColorAndVerifySelectMultipleInputColor" time="12.045" classname="com.obsqura.ProjectWithPOM.SelectInputPageTest1"/>
</testsuite> <!-- com.obsqura.ProjectWithPOM.SelectInputPageTest1 -->
