<?xml version="1.0" encoding="UTF-8"?>
<!-- Generated by org.testng.reporters.JUnitReportReporter -->
<testsuite skipped="0" hostname="LAPTOP-AQ01NJB9" name="com.obsqura.ProjectWithPOM.SelectInputPageTest" tests="1" failures="0" timestamp="28 Nov 2022 18:40:09 GMT" time="12.674" errors="0">
  <testcase name="selectColorAndVerifySelectMultipleInputColor" time="12.674" classname="com.obsqura.ProjectWithPOM.SelectInputPageTest"/>
</testsuite> <!-- com.obsqura.ProjectWithPOM.SelectInputPageTest -->
