<?xml version="1.0" encoding="UTF-8"?>
<!-- Generated by org.testng.reporters.JUnitReportReporter -->
<testsuite skipped="0" hostname="LAPTOP-AQ01NJB9" name="com.obsqura.ProjectWithPOM.SimpleFormTest" tests="1" failures="0" timestamp="24 Nov 2022 18:04:07 GMT" time="7.023" errors="0">
  <testcase name="enterMessageAndVerifySingleInputField" time="7.023" classname="com.obsqura.ProjectWithPOM.SimpleFormTest"/>
</testsuite> <!-- com.obsqura.ProjectWithPOM.SimpleFormTest -->
