<?xml version="1.0" encoding="UTF-8"?>
<!-- Generated by org.testng.reporters.JUnitReportReporter -->
<testsuite skipped="0" hostname="DESKTOP-ST4RK9D" name="com.obsqura.TestNGSample.GroupRadioButtonsDemo" tests="10" failures="0" timestamp="24 Nov 2022 11:52:19 GMT" time="108.338" errors="0">
  <testcase name="selectMaleAge2RadioButto" time="16.579" classname="com.obsqura.TestNGSample.GroupRadioButtonsDemo"/>
  <testcase name="selectFemaleAge3RadioButton" time="8.616" classname="com.obsqura.TestNGSample.GroupRadioButtonsDemo"/>
  <testcase name="selectMaleAge3RadioButton" time="10.729" classname="com.obsqura.TestNGSample.GroupRadioButtonsDemo"/>
  <testcase name="selectFemaleRadioButton" time="7.468" classname="com.obsqura.TestNGSample.GroupRadioButtonsDemo"/>
  <testcase name="selectAge3RadioButton" time="9.177" classname="com.obsqura.TestNGSample.GroupRadioButtonsDemo"/>
  <testcase name="selectFemaleAge2RadioButton" time="8.590" classname="com.obsqura.TestNGSample.GroupRadioButtonsDemo"/>
  <testcase name="selectFemaleAge1RadioButton" time="8.814" classname="com.obsqura.TestNGSample.GroupRadioButtonsDemo"/>
  <testcase name="selectMaleAge1RadioButton" time="9.319" classname="com.obsqura.TestNGSample.GroupRadioButtonsDemo"/>
  <testcase name="selectAge1RadioButton" time="18.802" classname="com.obsqura.TestNGSample.GroupRadioButtonsDemo"/>
  <testcase name="selectAge2RadioButton" time="10.244" classname="com.obsqura.TestNGSample.GroupRadioButtonsDemo"/>
</testsuite> <!-- com.obsqura.TestNGSample.GroupRadioButtonsDemo -->
