<?xml version="1.0" encoding="UTF-8"?>
<!-- Generated by org.testng.reporters.JUnitReportReporter -->
<testsuite skipped="0" hostname="LAPTOP-AQ01NJB9" name="com.obsqura.TestNGSample.SelectClassDropDown" tests="8" failures="0" timestamp="07 Jan 2023 18:26:29 GMT" time="57.321" errors="0">
  <testcase name="selectFromDropDown" time="7.195" classname="com.obsqura.TestNGSample.SelectClassDropDown"/>
  <testcase name="selectByIndexZero" time="7.258" classname="com.obsqura.TestNGSample.SelectClassDropDown"/>
  <testcase name="selectByIndexThree" time="7.304" classname="com.obsqura.TestNGSample.SelectClassDropDown"/>
  <testcase name="selectMultiple" time="9.227" classname="com.obsqura.TestNGSample.SelectClassDropDown"/>
  <testcase name="selectByIndex" time="6.064" classname="com.obsqura.TestNGSample.SelectClassDropDown"/>
  <testcase name="selectByValue" time="6.811" classname="com.obsqura.TestNGSample.SelectClassDropDown"/>
  <testcase name="selectByIndexNext" time="7.327" classname="com.obsqura.TestNGSample.SelectClassDropDown"/>
  <testcase name="selectByOption" time="6.135" classname="com.obsqura.TestNGSample.SelectClassDropDown"/>
</testsuite> <!-- com.obsqura.TestNGSample.SelectClassDropDown -->
