<?xml version="1.0" encoding="UTF-8"?>
<!-- Generated by org.testng.reporters.JUnitReportReporter -->
<testsuite skipped="0" hostname="LAPTOP-AQ01NJB9" name="com.obsqura.TestNGSample.FileUploadAutoItSample" tests="1" failures="0" timestamp="04 Jan 2023 18:07:32 GMT" time="8.542" errors="0">
  <testcase name="fileUploadAutoIt" time="8.542" classname="com.obsqura.TestNGSample.FileUploadAutoItSample"/>
</testsuite> <!-- com.obsqura.TestNGSample.FileUploadAutoItSample -->
