<?xml version="1.0" encoding="UTF-8"?>
<!-- Generated by org.testng.reporters.JUnitReportReporter -->
<testsuite skipped="0" hostname="DESKTOP-ST4RK9D" name="com.obsqura.TestNGSample.MultipleSelectDropDown" tests="1" failures="0" timestamp="23 Nov 2022 12:01:06 GMT" time="17.438" errors="0">
  <testcase name="multipeSelect" time="17.438" classname="com.obsqura.TestNGSample.MultipleSelectDropDown"/>
</testsuite> <!-- com.obsqura.TestNGSample.MultipleSelectDropDown -->
