<?xml version="1.0" encoding="UTF-8"?>
<!-- Generated by org.testng.reporters.JUnitReportReporter -->
<testsuite skipped="0" hostname="DESKTOP-ST4RK9D" name="com.obsqura.TestNGSample.CheckingStylesUsingGetCssValue" tests="1" failures="0" timestamp="10 Nov 2022 11:20:18 GMT" time="0.179" errors="0">
  <testcase name="getCssValue" time="0.179" classname="com.obsqura.TestNGSample.CheckingStylesUsingGetCssValue"/>
</testsuite> <!-- com.obsqura.TestNGSample.CheckingStylesUsingGetCssValue -->
