<?xml version="1.0" encoding="UTF-8"?>
<!-- Generated by org.testng.reporters.JUnitReportReporter -->
<testsuite skipped="0" hostname="DESKTOP-ST4RK9D" name="com.obsqura.TestNGSample.CheckBoxDemoPage" tests="1" failures="0" timestamp="20 Nov 2022 12:43:44 GMT" time="20.080" errors="0">
  <testcase name="checkBox" time="20.080" classname="com.obsqura.TestNGSample.CheckBoxDemoPage"/>
</testsuite> <!-- com.obsqura.TestNGSample.CheckBoxDemoPage -->
