<?xml version="1.0" encoding="UTF-8"?>
<!-- Generated by org.testng.reporters.JUnitReportReporter -->
<testsuite skipped="0" hostname="DESKTOP-ST4RK9D" name="com.obsqura.TestNGSample.SelectClassDropDown" tests="1" failures="0" timestamp="23 Nov 2022 11:45:00 GMT" time="17.607" errors="0">
  <testcase name="multipeSelect" time="17.607" classname="com.obsqura.TestNGSample.SelectClassDropDown"/>
</testsuite> <!-- com.obsqura.TestNGSample.SelectClassDropDown -->
