<?xml version="1.0" encoding="UTF-8"?>
<!-- Generated by org.testng.reporters.JUnitReportReporter -->
<testsuite skipped="0" hostname="LAPTOP-AQ01NJB9" name="com.obsqura.TestNGSample.DownloadFileObsquraSiteSample" tests="1" failures="0" timestamp="04 Jan 2023 19:31:54 GMT" time="9.783" errors="0">
  <testcase name="downloadFile" time="9.783" classname="com.obsqura.TestNGSample.DownloadFileObsquraSiteSample"/>
</testsuite> <!-- com.obsqura.TestNGSample.DownloadFileObsquraSiteSample -->
