<?xml version="1.0" encoding="UTF-8"?>
<!-- Generated by org.testng.reporters.JUnitReportReporter -->
<testsuite skipped="0" hostname="DESKTOP-ST4RK9D" name="com.obsqura.TestNGSample.ButtonEnableOrNot" tests="2" failures="0" timestamp="13 Nov 2022 06:52:45 GMT" time="0.913" errors="0">
  <testcase name="showMessageButtonDisplayed" time="0.331" classname="com.obsqura.TestNGSample.ButtonEnableOrNot"/>
  <testcase name="showMessageButtonEnable" time="0.582" classname="com.obsqura.TestNGSample.ButtonEnableOrNot"/>
</testsuite> <!-- com.obsqura.TestNGSample.ButtonEnableOrNot -->
