<?xml version="1.0" encoding="UTF-8"?>
<!-- Generated by org.testng.reporters.JUnitReportReporter -->
<testsuite skipped="0" hostname="LAPTOP-AQ01NJB9" name="com.obsqura.TestNGSample.Locators" tests="1" failures="0" timestamp="01 Nov 2022 18:29:58 GMT" time="13.851" errors="0">
  <testcase name="locatingByID" time="13.851" classname="com.obsqura.TestNGSample.Locators"/>
</testsuite> <!-- com.obsqura.TestNGSample.Locators -->
