<?xml version="1.0" encoding="UTF-8"?>
<!-- Generated by org.testng.reporters.JUnitReportReporter -->
<testsuite skipped="0" hostname="DESKTOP-ST4RK9D" name="com.obsqura.TestNGSample.BrowserCommands" tests="5" failures="0" timestamp="03 Nov 2022 02:27:30 GMT" time="4.556" errors="0">
  <testcase name="loginPageNavigation" time="3.165" classname="com.obsqura.TestNGSample.BrowserCommands"/>
  <testcase name="verifyTitle" time="0.826" classname="com.obsqura.TestNGSample.BrowserCommands"/>
  <testcase name="firstPageTitle" time="0.369" classname="com.obsqura.TestNGSample.BrowserCommands"/>
  <testcase name="verifyURL" time="0.085" classname="com.obsqura.TestNGSample.BrowserCommands"/>
  <testcase name="firstPageURL" time="0.111" classname="com.obsqura.TestNGSample.BrowserCommands"/>
</testsuite> <!-- com.obsqura.TestNGSample.BrowserCommands -->
