<?xml version="1.0" encoding="UTF-8"?>
<!-- Generated by org.testng.reporters.JUnitReportReporter -->
<testsuite skipped="0" hostname="LAPTOP-AQ01NJB9" name="com.obsqura.TestNGSample.JavaScriptExecutorCommands" tests="1" failures="0" timestamp="19 Dec 2022 11:11:56 GMT" time="6.317" errors="0">
  <testcase name="scrollCommand" time="6.317" classname="com.obsqura.TestNGSample.JavaScriptExecutorCommands"/>
</testsuite> <!-- com.obsqura.TestNGSample.JavaScriptExecutorCommands -->
