<?xml version="1.0" encoding="UTF-8"?>
<!-- Generated by org.testng.reporters.JUnitReportReporter -->
<testsuite skipped="0" hostname="DESKTOP-ST4RK9D" name="com.obsqura.TestNGSample.MultipleCheckBox" tests="2" failures="0" timestamp="21 Nov 2022 16:38:29 GMT" time="29.366" errors="0">
  <testcase name="selectMultipleCheckBox" time="12.229" classname="com.obsqura.TestNGSample.MultipleCheckBox"/>
  <testcase name="selectFirstCheckBox" time="17.137" classname="com.obsqura.TestNGSample.MultipleCheckBox"/>
</testsuite> <!-- com.obsqura.TestNGSample.MultipleCheckBox -->
