<?xml version="1.0" encoding="UTF-8"?>
<!-- Generated by org.testng.reporters.JUnitReportReporter -->
<testsuite skipped="0" hostname="DESKTOP-ST4RK9D" name="com.obsqura.TestNGSample.SoftAssertSample" tests="1" failures="0" timestamp="15 Nov 2022 12:38:54 GMT" time="0.047" errors="0">
  <testcase name="softAssertExample" time="0.047" classname="com.obsqura.TestNGSample.SoftAssertSample"/>
</testsuite> <!-- com.obsqura.TestNGSample.SoftAssertSample -->
