<?xml version="1.0" encoding="UTF-8"?>
<!-- Generated by org.testng.reporters.JUnitReportReporter -->
<testsuite skipped="0" hostname="LAPTOP-AQ01NJB9" name="com.obsqura.TestNGSample.DownloadingFilesSample" tests="1" failures="0" timestamp="04 Jan 2023 19:06:48 GMT" time="38.925" errors="0">
  <testcase name="downloadFile" time="38.925" classname="com.obsqura.TestNGSample.DownloadingFilesSample"/>
</testsuite> <!-- com.obsqura.TestNGSample.DownloadingFilesSample -->
