<?xml version="1.0" encoding="UTF-8"?>
<!-- Generated by org.testng.reporters.JUnitReportReporter -->
<testsuite skipped="0" hostname="DESKTOP-ST4RK9D" name="com.obsqura.TestNGSample.RadioButtonDemo" tests="3" failures="0" timestamp="19 Nov 2022 05:56:50 GMT" time="41.072" errors="0">
  <testcase name="maleRadioButtonClick" time="20.426" classname="com.obsqura.TestNGSample.RadioButtonDemo"/>
  <testcase name="femaleRadioButtonClick" time="11.218" classname="com.obsqura.TestNGSample.RadioButtonDemo"/>
  <testcase name="showSelectedValueButton" time="9.428" classname="com.obsqura.TestNGSample.RadioButtonDemo"/>
</testsuite> <!-- com.obsqura.TestNGSample.RadioButtonDemo -->
