<?xml version="1.0" encoding="UTF-8"?>
<!-- Generated by org.testng.reporters.JUnitReportReporter -->
<testsuite skipped="0" hostname="DESKTOP-ST4RK9D" name="com.obsqura.TestNGSample.Study" tests="1" failures="0" timestamp="30 Nov 2022 02:48:54 GMT" time="17.343" errors="0">
  <testcase name="test" time="17.343" classname="com.obsqura.TestNGSample.Study"/>
</testsuite> <!-- com.obsqura.TestNGSample.Study -->
