<?xml version="1.0" encoding="UTF-8"?>
<!-- Generated by org.testng.reporters.JUnitReportReporter -->
<testsuite skipped="0" hostname="DESKTOP-ST4RK9D" name="com.obsqura.TestNGSample.FindElementsSample" tests="3" failures="0" timestamp="17 Nov 2022 11:03:56 GMT" time="39.676" errors="0">
  <testcase name="radioButtonDemo" time="9.613" classname="com.obsqura.TestNGSample.FindElementsSample"/>
  <testcase name="findElementExample" time="19.084" classname="com.obsqura.TestNGSample.FindElementsSample"/>
  <testcase name="datePickerClick" time="10.979" classname="com.obsqura.TestNGSample.FindElementsSample"/>
</testsuite> <!-- com.obsqura.TestNGSample.FindElementsSample -->
