<?xml version="1.0" encoding="UTF-8"?>
<!-- Generated by org.testng.reporters.JUnitReportReporter -->
<testsuite skipped="0" hostname="LAPTOP-AQ01NJB9" name="com.obsqura.TestNGSample.Locators" tests="1" failures="0" timestamp="08 Dec 2022 08:54:19 GMT" time="9.811" errors="0">
  <testcase name="locateAxesUsingstartsWith" time="9.811" classname="com.obsqura.TestNGSample.Locators"/>
</testsuite> <!-- com.obsqura.TestNGSample.Locators -->
