<?xml version="1.0" encoding="UTF-8"?>
<!-- Generated by org.testng.reporters.JUnitReportReporter -->
<testsuite skipped="0" hostname="LAPTOP-AQ01NJB9" name="com.obsqura.TestNGSample.SimpleAlertExample" tests="1" failures="0" timestamp="20 Dec 2022 02:43:31 GMT" time="6.858" errors="0">
  <testcase name="verifySimpleAlertPopup" time="6.858" classname="com.obsqura.TestNGSample.SimpleAlertExample"/>
</testsuite> <!-- com.obsqura.TestNGSample.SimpleAlertExample -->
