<?xml version="1.0" encoding="UTF-8"?>
<!-- Generated by org.testng.reporters.JUnitReportReporter -->
<testsuite skipped="0" hostname="LAPTOP-AQ01NJB9" name="com.obsqura.TestNGSample.TestNGParametrizationExample" tests="3" failures="0" timestamp="19 Dec 2022 18:14:04 GMT" time="18.639" errors="0">
  <testcase name="dataProviderWithTestNG" time="7.336" classname="com.obsqura.TestNGSample.TestNGParametrizationExample"/>
  <testcase name="dataProviderWithTestNG" time="6.516" classname="com.obsqura.TestNGSample.TestNGParametrizationExample"/>
  <testcase name="dataProviderWithTestNG" time="4.787" classname="com.obsqura.TestNGSample.TestNGParametrizationExample"/>
</testsuite> <!-- com.obsqura.TestNGSample.TestNGParametrizationExample -->
