<?xml version="1.0" encoding="UTF-8"?>
<!-- Generated by org.testng.reporters.JUnitReportReporter -->
<testsuite skipped="0" hostname="LAPTOP-AQ01NJB9" name="com.obsqura.TestNGSample.WindowHandlingSample" tests="1" failures="0" timestamp="22 Dec 2022 15:04:43 GMT" time="13.578" errors="0">
  <testcase name="clickLikeUsOnFBPopup" time="13.578" classname="com.obsqura.TestNGSample.WindowHandlingSample"/>
</testsuite> <!-- com.obsqura.TestNGSample.WindowHandlingSample -->
