<?xml version="1.0" encoding="UTF-8"?>
<!-- Generated by org.testng.reporters.JUnitReportReporter -->
<testsuite skipped="0" hostname="LAPTOP-AQ01NJB9" name="com.obsqura.TestNGSample.FileUploadAutoItSample" tests="1" failures="0" timestamp="05 Jan 2023 12:26:03 GMT" time="14.336" errors="0">
  <testcase name="fileUploadAutoIt" time="14.336" classname="com.obsqura.TestNGSample.FileUploadAutoItSample"/>
</testsuite> <!-- com.obsqura.TestNGSample.FileUploadAutoItSample -->
