<?xml version="1.0" encoding="UTF-8"?>
<!-- Generated by org.testng.reporters.JUnitReportReporter -->
<testsuite skipped="0" hostname="LAPTOP-AQ01NJB9" name="com.obsqura.TestNGSample.BrowserCommands" tests="4" failures="0" timestamp="01 Nov 2022 18:30:38 GMT" time="23.519" errors="0">
  <testcase name="navigateAndCheck" time="5.691" classname="com.obsqura.TestNGSample.BrowserCommands"/>
  <testcase name="verifyTitle" time="5.717" classname="com.obsqura.TestNGSample.BrowserCommands"/>
  <testcase name="verifyPageSource" time="5.697" classname="com.obsqura.TestNGSample.BrowserCommands"/>
  <testcase name="verifyURL" time="6.414" classname="com.obsqura.TestNGSample.BrowserCommands"/>
</testsuite> <!-- com.obsqura.TestNGSample.BrowserCommands -->
