<?xml version="1.0" encoding="UTF-8"?>
<!-- Generated by org.testng.reporters.JUnitReportReporter -->
<testsuite skipped="0" hostname="LAPTOP-AQ01NJB9" name="com.obsqura.TestNGSample.IframeExample" tests="1" failures="0" timestamp="22 Dec 2022 14:31:40 GMT" time="17.732" errors="0">
  <testcase name="iFrameOperations" time="17.732" classname="com.obsqura.TestNGSample.IframeExample"/>
</testsuite> <!-- com.obsqura.TestNGSample.IframeExample -->
