<?xml version="1.0" encoding="UTF-8"?>
<!-- Generated by org.testng.reporters.JUnitReportReporter -->
<testsuite skipped="0" hostname="LAPTOP-AQ01NJB9" name="com.obsqura.TestNGSample.FileUploadSample" tests="1" failures="0" timestamp="03 Jan 2023 13:39:58 GMT" time="53.990" errors="0">
  <testcase name="fileUpload" time="53.990" classname="com.obsqura.TestNGSample.FileUploadSample"/>
</testsuite> <!-- com.obsqura.TestNGSample.FileUploadSample -->
