<?xml version="1.0" encoding="UTF-8"?>
<!-- Generated by org.testng.reporters.JUnitReportReporter -->
<testsuite skipped="0" hostname="DESKTOP-ST4RK9D" name="com.obsqura.TestNGSample.WebElementCommands" tests="2" failures="0" timestamp="13 Nov 2022 06:34:16 GMT" time="5.903" errors="0">
  <testcase name="showMessageButtonEnable" time="2.501" classname="com.obsqura.TestNGSample.WebElementCommands"/>
  <testcase name="showMessageButtonDisplayed" time="3.402" classname="com.obsqura.TestNGSample.WebElementCommands"/>
</testsuite> <!-- com.obsqura.TestNGSample.WebElementCommands -->
