<?xml version="1.0" encoding="UTF-8"?>
<!-- Generated by org.testng.reporters.JUnitReportReporter -->
<testsuite skipped="0" hostname="LAPTOP-AQ01NJB9" name="com.obsqura.TestNGSample.FindElementsSample1" tests="4" failures="0" timestamp="07 Jan 2023 18:28:59 GMT" time="26.405" errors="0">
  <testcase name="radioButtonMale" time="5.528" classname="com.obsqura.TestNGSample.FindElementsSample1"/>
  <testcase name="radioSelection" time="7.132" classname="com.obsqura.TestNGSample.FindElementsSample1"/>
  <testcase name="radioButtonFemale" time="7.446" classname="com.obsqura.TestNGSample.FindElementsSample1"/>
  <testcase name="findElements" time="6.299" classname="com.obsqura.TestNGSample.FindElementsSample1"/>
</testsuite> <!-- com.obsqura.TestNGSample.FindElementsSample1 -->
