<?xml version="1.0" encoding="UTF-8"?>
<!-- Generated by org.testng.reporters.JUnitReportReporter -->
<testsuite skipped="0" hostname="LAPTOP-AQ01NJB9" name="com.obsqura.TestNGSample.BrowserCommands" tests="4" failures="0" timestamp="31 Oct 2022 18:03:30 GMT" time="45.591" errors="0">
  <testcase name="verifyURL" time="6.810" classname="com.obsqura.TestNGSample.BrowserCommands"/>
  <testcase name="navigateAndCheck" time="8.018" classname="com.obsqura.TestNGSample.BrowserCommands"/>
  <testcase name="verifyTitle" time="23.216" classname="com.obsqura.TestNGSample.BrowserCommands"/>
  <testcase name="verifyPageSource" time="7.547" classname="com.obsqura.TestNGSample.BrowserCommands"/>
</testsuite> <!-- com.obsqura.TestNGSample.BrowserCommands -->
